This file contains any messages produced by compilers while
running configure, to aid debugging if configure makes a mistake.

It was created by libcoap configure 1.8.0, which was
generated by GNU Autoconf 2.67.  Invocation command line was

  $ ./configure --host=arm-linux --build=i386-linux --prefix=/home/harald/Digi/DigiEL-5.2/usr

## --------- ##
## Platform. ##
## --------- ##

hostname = debian
uname -m = i686
uname -r = 2.6.26-2-686
uname -s = Linux
uname -v = #1 SMP Thu Jan 27 00:28:05 UTC 2011

/usr/bin/uname -p = unknown
/bin/uname -X     = unknown

/bin/arch              = unknown
/usr/bin/arch -k       = unknown
/usr/convex/getsysinfo = unknown
/usr/bin/hostinfo      = unknown
/bin/machine           = unknown
/usr/bin/oslevel       = unknown
/bin/universe          = unknown

PATH: /home/harald/Digi/DigiEL-5.2/usr/bin/
PATH: /usr/local/bin
PATH: /usr/bin
PATH: /bin
PATH: /usr/games


## ----------- ##
## Core tests. ##
## ----------- ##

configure:2137: checking whether make sets $(MAKE)
configure:2159: result: yes
configure:2176: checking for arm-linux-gcc
configure:2192: found /home/harald/Digi/DigiEL-5.2/usr/bin//arm-linux-gcc
configure:2203: result: arm-linux-gcc
configure:2472: checking for C compiler version
configure:2481: arm-linux-gcc --version >&5
arm-linux-uclibc-gcc (GCC) 4.3.2
Copyright (C) 2008 Free Software Foundation, Inc.
This is free software; see the source for copying conditions.  There is NO
warranty; not even for MERCHANTABILITY or FITNESS FOR A PARTICULAR PURPOSE.

configure:2492: $? = 0
configure:2481: arm-linux-gcc -v >&5
Using built-in specs.
Target: arm-linux-uclibc
Configured with: /home/buildd/del_toolchain.git/buildroot-2009.02/toolchain_build_arm_nofpu/gcc-4.3.2/configure --prefix=/usr --build=i386-pc-linux-gnu --host=i386-pc-linux-gnu --target=arm-linux-uclibc --enable-languages=c,c++ --with-sysroot=/usr/local/DigiEL-5.2 --with-build-time-tools=/usr/local/DigiEL-5.2/usr/arm-linux-uclibc/bin --disable-__cxa_atexit --enable-target-optspace --with-gnu-ld --enable-shared --with-gmp=/home/buildd/del_toolchain.git/buildroot-2009.02/toolchain_build_arm_nofpu/gmp --with-mpfr=/home/buildd/del_toolchain.git/buildroot-2009.02/toolchain_build_arm_nofpu/mpfr --disable-nls --enable-threads --disable-multilib --disable-decimal-float --with-float=soft --with-abi=apcs-gnu
Thread model: posix
gcc version 4.3.2 (GCC) 
configure:2492: $? = 0
configure:2481: arm-linux-gcc -V >&5
arm-linux-uclibc-gcc: '-V' must come at the start of the command line
configure:2492: $? = 1
configure:2481: arm-linux-gcc -qversion >&5
arm-linux-uclibc-gcc: unrecognized option '-qversion'
arm-linux-uclibc-gcc: no input files
configure:2492: $? = 1
configure:2512: checking whether the C compiler works
configure:2534: arm-linux-gcc    conftest.c  >&5
configure:2538: $? = 0
configure:2586: result: yes
configure:2589: checking for C compiler default output file name
configure:2591: result: a.out
configure:2597: checking for suffix of executables
configure:2604: arm-linux-gcc -o conftest    conftest.c  >&5
configure:2608: $? = 0
configure:2630: result: 
configure:2652: checking whether we are cross compiling
configure:2690: result: yes
configure:2695: checking for suffix of object files
configure:2717: arm-linux-gcc -c   conftest.c >&5
configure:2721: $? = 0
configure:2742: result: o
configure:2746: checking whether we are using the GNU C compiler
configure:2765: arm-linux-gcc -c   conftest.c >&5
configure:2765: $? = 0
configure:2774: result: yes
configure:2783: checking whether arm-linux-gcc accepts -g
configure:2803: arm-linux-gcc -c -g  conftest.c >&5
configure:2803: $? = 0
configure:2844: result: yes
configure:2861: checking for arm-linux-gcc option to accept ISO C89
configure:2925: arm-linux-gcc  -c -g -O2  conftest.c >&5
configure:2925: $? = 0
configure:2938: result: none needed
configure:2961: checking for arm-linux-ranlib
configure:2977: found /home/harald/Digi/DigiEL-5.2/usr/bin//arm-linux-ranlib
configure:2988: result: arm-linux-ranlib
configure:3052: checking for doxygen
configure:3083: result: :
configure:3093: checking for etags
configure:3124: result: /bin/false
configure:3139: checking how to run the C preprocessor
configure:3170: arm-linux-gcc -E  conftest.c
configure:3170: $? = 0
configure:3184: arm-linux-gcc -E  conftest.c
conftest.c:9:28: error: ac_nonexistent.h: No such file or directory
configure:3184: $? = 1
configure: failed program was:
| /* confdefs.h */
| #define PACKAGE_NAME "libcoap"
| #define PACKAGE_TARNAME "libcoap"
| #define PACKAGE_VERSION "1.8.0"
| #define PACKAGE_STRING "libcoap 1.8.0"
| #define PACKAGE_BUGREPORT ""
| #define PACKAGE_URL ""
| /* end confdefs.h.  */
| #include <ac_nonexistent.h>
configure:3209: result: arm-linux-gcc -E
configure:3229: arm-linux-gcc -E  conftest.c
configure:3229: $? = 0
configure:3243: arm-linux-gcc -E  conftest.c
conftest.c:9:28: error: ac_nonexistent.h: No such file or directory
configure:3243: $? = 1
configure: failed program was:
| /* confdefs.h */
| #define PACKAGE_NAME "libcoap"
| #define PACKAGE_TARNAME "libcoap"
| #define PACKAGE_VERSION "1.8.0"
| #define PACKAGE_STRING "libcoap 1.8.0"
| #define PACKAGE_BUGREPORT ""
| #define PACKAGE_URL ""
| /* end confdefs.h.  */
| #include <ac_nonexistent.h>
configure:3272: checking for grep that handles long lines and -e
configure:3330: result: /bin/grep
configure:3335: checking for egrep
configure:3397: result: /bin/grep -E
configure:3402: checking for ANSI C header files
configure:3422: arm-linux-gcc -c -g -O2  conftest.c >&5
configure:3422: $? = 0
configure:3506: result: yes
configure:3519: checking for sys/types.h
configure:3519: arm-linux-gcc -c -g -O2  conftest.c >&5
configure:3519: $? = 0
configure:3519: result: yes
configure:3519: checking for sys/stat.h
configure:3519: arm-linux-gcc -c -g -O2  conftest.c >&5
configure:3519: $? = 0
configure:3519: result: yes
configure:3519: checking for stdlib.h
configure:3519: arm-linux-gcc -c -g -O2  conftest.c >&5
configure:3519: $? = 0
configure:3519: result: yes
configure:3519: checking for string.h
configure:3519: arm-linux-gcc -c -g -O2  conftest.c >&5
configure:3519: $? = 0
configure:3519: result: yes
configure:3519: checking for memory.h
configure:3519: arm-linux-gcc -c -g -O2  conftest.c >&5
configure:3519: $? = 0
configure:3519: result: yes
configure:3519: checking for strings.h
configure:3519: arm-linux-gcc -c -g -O2  conftest.c >&5
configure:3519: $? = 0
configure:3519: result: yes
configure:3519: checking for inttypes.h
configure:3519: arm-linux-gcc -c -g -O2  conftest.c >&5
configure:3519: $? = 0
configure:3519: result: yes
configure:3519: checking for stdint.h
configure:3519: arm-linux-gcc -c -g -O2  conftest.c >&5
configure:3519: $? = 0
configure:3519: result: yes
configure:3519: checking for unistd.h
configure:3519: arm-linux-gcc -c -g -O2  conftest.c >&5
configure:3519: $? = 0
configure:3519: result: yes
configure:3531: checking whether byte ordering is bigendian
configure:3546: arm-linux-gcc -c -g -O2  conftest.c >&5
conftest.c:20: error: expected '=', ',', ';', 'asm' or '__attribute__' before 'a'
configure:3546: $? = 1
configure: failed program was:
| /* confdefs.h */
| #define PACKAGE_NAME "libcoap"
| #define PACKAGE_TARNAME "libcoap"
| #define PACKAGE_VERSION "1.8.0"
| #define PACKAGE_STRING "libcoap 1.8.0"
| #define PACKAGE_BUGREPORT ""
| #define PACKAGE_URL ""
| #define STDC_HEADERS 1
| #define HAVE_SYS_TYPES_H 1
| #define HAVE_SYS_STAT_H 1
| #define HAVE_STDLIB_H 1
| #define HAVE_STRING_H 1
| #define HAVE_MEMORY_H 1
| #define HAVE_STRINGS_H 1
| #define HAVE_INTTYPES_H 1
| #define HAVE_STDINT_H 1
| #define HAVE_UNISTD_H 1
| /* end confdefs.h.  */
| #ifndef __APPLE_CC__
| 	       not a universal capable compiler
| 	     #endif
| 	     typedef int dummy;
| 
configure:3591: arm-linux-gcc -c -g -O2  conftest.c >&5
configure:3591: $? = 0
configure:3609: arm-linux-gcc -c -g -O2  conftest.c >&5
conftest.c: In function 'main':
conftest.c:26: error: 'not' undeclared (first use in this function)
conftest.c:26: error: (Each undeclared identifier is reported only once
conftest.c:26: error: for each function it appears in.)
conftest.c:26: error: expected ';' before 'big'
configure:3609: $? = 1
configure: failed program was:
| /* confdefs.h */
| #define PACKAGE_NAME "libcoap"
| #define PACKAGE_TARNAME "libcoap"
| #define PACKAGE_VERSION "1.8.0"
| #define PACKAGE_STRING "libcoap 1.8.0"
| #define PACKAGE_BUGREPORT ""
| #define PACKAGE_URL ""
| #define STDC_HEADERS 1
| #define HAVE_SYS_TYPES_H 1
| #define HAVE_SYS_STAT_H 1
| #define HAVE_STDLIB_H 1
| #define HAVE_STRING_H 1
| #define HAVE_MEMORY_H 1
| #define HAVE_STRINGS_H 1
| #define HAVE_INTTYPES_H 1
| #define HAVE_STDINT_H 1
| #define HAVE_UNISTD_H 1
| /* end confdefs.h.  */
| #include <sys/types.h>
| 		#include <sys/param.h>
| 
| int
| main ()
| {
| #if BYTE_ORDER != BIG_ENDIAN
| 		 not big endian
| 		#endif
| 
|   ;
|   return 0;
| }
configure:3737: result: no
configure:3757: checking for coap_new_pdu in -lcoap
configure:3782: arm-linux-gcc -o conftest -g -O2   conftest.c -lcoap   >&5
/home/harald/Digi/DigiEL-5.2/usr/bin/../lib/gcc/arm-linux-uclibc/4.3.2/../../../../arm-linux-uclibc/bin/ld: cannot find -lcoap
collect2: ld returned 1 exit status
configure:3782: $? = 1
configure: failed program was:
| /* confdefs.h */
| #define PACKAGE_NAME "libcoap"
| #define PACKAGE_TARNAME "libcoap"
| #define PACKAGE_VERSION "1.8.0"
| #define PACKAGE_STRING "libcoap 1.8.0"
| #define PACKAGE_BUGREPORT ""
| #define PACKAGE_URL ""
| #define STDC_HEADERS 1
| #define HAVE_SYS_TYPES_H 1
| #define HAVE_SYS_STAT_H 1
| #define HAVE_STDLIB_H 1
| #define HAVE_STRING_H 1
| #define HAVE_MEMORY_H 1
| #define HAVE_STRINGS_H 1
| #define HAVE_INTTYPES_H 1
| #define HAVE_STDINT_H 1
| #define HAVE_UNISTD_H 1
| /* end confdefs.h.  */
| 
| /* Override any GCC internal prototype to avoid an error.
|    Use char because int might match the return type of a GCC
|    builtin and then its argument prototype would still apply.  */
| #ifdef __cplusplus
| extern "C"
| #endif
| char coap_new_pdu ();
| int
| main ()
| {
| return coap_new_pdu ();
|   ;
|   return 0;
| }
configure:3791: result: no
configure:3803: checking for library containing gethostbyname
configure:3834: arm-linux-gcc -o conftest -g -O2   conftest.c  >&5
configure:3834: $? = 0
configure:3851: result: none required
configure:3859: checking for library containing socket
configure:3890: arm-linux-gcc -o conftest -g -O2   conftest.c  >&5
configure:3890: $? = 0
configure:3907: result: none required
configure:3935: checking assert.h usability
configure:3935: arm-linux-gcc -c -g -O2  conftest.c >&5
configure:3935: $? = 0
configure:3935: result: yes
configure:3935: checking assert.h presence
configure:3935: arm-linux-gcc -E  conftest.c
configure:3935: $? = 0
configure:3935: result: yes
configure:3935: checking for assert.h
configure:3935: result: yes
configure:3935: checking arpa/inet.h usability
configure:3935: arm-linux-gcc -c -g -O2  conftest.c >&5
configure:3935: $? = 0
configure:3935: result: yes
configure:3935: checking arpa/inet.h presence
configure:3935: arm-linux-gcc -E  conftest.c
configure:3935: $? = 0
configure:3935: result: yes
configure:3935: checking for arpa/inet.h
configure:3935: result: yes
configure:3935: checking limits.h usability
configure:3935: arm-linux-gcc -c -g -O2  conftest.c >&5
configure:3935: $? = 0
configure:3935: result: yes
configure:3935: checking limits.h presence
configure:3935: arm-linux-gcc -E  conftest.c
configure:3935: $? = 0
configure:3935: result: yes
configure:3935: checking for limits.h
configure:3935: result: yes
configure:3935: checking netdb.h usability
configure:3935: arm-linux-gcc -c -g -O2  conftest.c >&5
configure:3935: $? = 0
configure:3935: result: yes
configure:3935: checking netdb.h presence
configure:3935: arm-linux-gcc -E  conftest.c
configure:3935: $? = 0
configure:3935: result: yes
configure:3935: checking for netdb.h
configure:3935: result: yes
configure:3935: checking netinet/in.h usability
configure:3935: arm-linux-gcc -c -g -O2  conftest.c >&5
configure:3935: $? = 0
configure:3935: result: yes
configure:3935: checking netinet/in.h presence
configure:3935: arm-linux-gcc -E  conftest.c
configure:3935: $? = 0
configure:3935: result: yes
configure:3935: checking for netinet/in.h
configure:3935: result: yes
configure:3935: checking for stdlib.h
configure:3935: result: yes
configure:3935: checking for string.h
configure:3935: result: yes
configure:3935: checking for strings.h
configure:3935: result: yes
configure:3935: checking sys/socket.h usability
configure:3935: arm-linux-gcc -c -g -O2  conftest.c >&5
configure:3935: $? = 0
configure:3935: result: yes
configure:3935: checking sys/socket.h presence
configure:3935: arm-linux-gcc -E  conftest.c
configure:3935: $? = 0
configure:3935: result: yes
configure:3935: checking for sys/socket.h
configure:3935: result: yes
configure:3935: checking sys/time.h usability
configure:3935: arm-linux-gcc -c -g -O2  conftest.c >&5
configure:3935: $? = 0
configure:3935: result: yes
configure:3935: checking sys/time.h presence
configure:3935: arm-linux-gcc -E  conftest.c
configure:3935: $? = 0
configure:3935: result: yes
configure:3935: checking for sys/time.h
configure:3935: result: yes
configure:3935: checking time.h usability
configure:3935: arm-linux-gcc -c -g -O2  conftest.c >&5
configure:3935: $? = 0
configure:3935: result: yes
configure:3935: checking time.h presence
configure:3935: arm-linux-gcc -E  conftest.c
configure:3935: $? = 0
configure:3935: result: yes
configure:3935: checking for time.h
configure:3935: result: yes
configure:3935: checking for unistd.h
configure:3935: result: yes
configure:3935: checking sys/unistd.h usability
configure:3935: arm-linux-gcc -c -g -O2  conftest.c >&5
configure:3935: $? = 0
configure:3935: result: yes
configure:3935: checking sys/unistd.h presence
configure:3935: arm-linux-gcc -E  conftest.c
configure:3935: $? = 0
configure:3935: result: yes
configure:3935: checking for sys/unistd.h
configure:3935: result: yes
configure:3947: checking for size_t
configure:3947: arm-linux-gcc -c -g -O2  conftest.c >&5
configure:3947: $? = 0
configure:3947: arm-linux-gcc -c -g -O2  conftest.c >&5
conftest.c: In function 'main':
conftest.c:68: error: expected expression before ')' token
configure:3947: $? = 1
configure: failed program was:
| /* confdefs.h */
| #define PACKAGE_NAME "libcoap"
| #define PACKAGE_TARNAME "libcoap"
| #define PACKAGE_VERSION "1.8.0"
| #define PACKAGE_STRING "libcoap 1.8.0"
| #define PACKAGE_BUGREPORT ""
| #define PACKAGE_URL ""
| #define STDC_HEADERS 1
| #define HAVE_SYS_TYPES_H 1
| #define HAVE_SYS_STAT_H 1
| #define HAVE_STDLIB_H 1
| #define HAVE_STRING_H 1
| #define HAVE_MEMORY_H 1
| #define HAVE_STRINGS_H 1
| #define HAVE_INTTYPES_H 1
| #define HAVE_STDINT_H 1
| #define HAVE_UNISTD_H 1
| #define HAVE_ASSERT_H 1
| #define HAVE_ARPA_INET_H 1
| #define HAVE_LIMITS_H 1
| #define HAVE_NETDB_H 1
| #define HAVE_NETINET_IN_H 1
| #define HAVE_STDLIB_H 1
| #define HAVE_STRING_H 1
| #define HAVE_STRINGS_H 1
| #define HAVE_SYS_SOCKET_H 1
| #define HAVE_SYS_TIME_H 1
| #define HAVE_TIME_H 1
| #define HAVE_UNISTD_H 1
| #define HAVE_SYS_UNISTD_H 1
| /* end confdefs.h.  */
| #include <stdio.h>
| #ifdef HAVE_SYS_TYPES_H
| # include <sys/types.h>
| #endif
| #ifdef HAVE_SYS_STAT_H
| # include <sys/stat.h>
| #endif
| #ifdef STDC_HEADERS
| # include <stdlib.h>
| # include <stddef.h>
| #else
| # ifdef HAVE_STDLIB_H
| #  include <stdlib.h>
| # endif
| #endif
| #ifdef HAVE_STRING_H
| # if !defined STDC_HEADERS && defined HAVE_MEMORY_H
| #  include <memory.h>
| # endif
| # include <string.h>
| #endif
| #ifdef HAVE_STRINGS_H
| # include <strings.h>
| #endif
| #ifdef HAVE_INTTYPES_H
| # include <inttypes.h>
| #endif
| #ifdef HAVE_STDINT_H
| # include <stdint.h>
| #endif
| #ifdef HAVE_UNISTD_H
| # include <unistd.h>
| #endif
| int
| main ()
| {
| if (sizeof ((size_t)))
| 	    return 0;
|   ;
|   return 0;
| }
configure:3947: result: yes
configure:3958: checking for ssize_t
configure:3958: arm-linux-gcc -c -g -O2  conftest.c >&5
configure:3958: $? = 0
configure:3958: arm-linux-gcc -c -g -O2  conftest.c >&5
conftest.c: In function 'main':
conftest.c:68: error: expected expression before ')' token
configure:3958: $? = 1
configure: failed program was:
| /* confdefs.h */
| #define PACKAGE_NAME "libcoap"
| #define PACKAGE_TARNAME "libcoap"
| #define PACKAGE_VERSION "1.8.0"
| #define PACKAGE_STRING "libcoap 1.8.0"
| #define PACKAGE_BUGREPORT ""
| #define PACKAGE_URL ""
| #define STDC_HEADERS 1
| #define HAVE_SYS_TYPES_H 1
| #define HAVE_SYS_STAT_H 1
| #define HAVE_STDLIB_H 1
| #define HAVE_STRING_H 1
| #define HAVE_MEMORY_H 1
| #define HAVE_STRINGS_H 1
| #define HAVE_INTTYPES_H 1
| #define HAVE_STDINT_H 1
| #define HAVE_UNISTD_H 1
| #define HAVE_ASSERT_H 1
| #define HAVE_ARPA_INET_H 1
| #define HAVE_LIMITS_H 1
| #define HAVE_NETDB_H 1
| #define HAVE_NETINET_IN_H 1
| #define HAVE_STDLIB_H 1
| #define HAVE_STRING_H 1
| #define HAVE_STRINGS_H 1
| #define HAVE_SYS_SOCKET_H 1
| #define HAVE_SYS_TIME_H 1
| #define HAVE_TIME_H 1
| #define HAVE_UNISTD_H 1
| #define HAVE_SYS_UNISTD_H 1
| /* end confdefs.h.  */
| #include <stdio.h>
| #ifdef HAVE_SYS_TYPES_H
| # include <sys/types.h>
| #endif
| #ifdef HAVE_SYS_STAT_H
| # include <sys/stat.h>
| #endif
| #ifdef STDC_HEADERS
| # include <stdlib.h>
| # include <stddef.h>
| #else
| # ifdef HAVE_STDLIB_H
| #  include <stdlib.h>
| # endif
| #endif
| #ifdef HAVE_STRING_H
| # if !defined STDC_HEADERS && defined HAVE_MEMORY_H
| #  include <memory.h>
| # endif
| # include <string.h>
| #endif
| #ifdef HAVE_STRINGS_H
| # include <strings.h>
| #endif
| #ifdef HAVE_INTTYPES_H
| # include <inttypes.h>
| #endif
| #ifdef HAVE_STDINT_H
| # include <stdint.h>
| #endif
| #ifdef HAVE_UNISTD_H
| # include <unistd.h>
| #endif
| int
| main ()
| {
| if (sizeof ((ssize_t)))
| 	    return 0;
|   ;
|   return 0;
| }
configure:3958: result: yes
configure:3973: checking for stdlib.h
configure:3973: result: yes
configure:3983: checking for GNU libc compatible malloc
configure:4017: result: no
configure:4041: checking for memset
configure:4041: arm-linux-gcc -o conftest -g -O2   conftest.c  >&5
conftest.c:58: warning: conflicting types for built-in function 'memset'
configure:4041: $? = 0
configure:4041: result: yes
configure:4041: checking for select
configure:4041: arm-linux-gcc -o conftest -g -O2   conftest.c  >&5
configure:4041: $? = 0
configure:4041: result: yes
configure:4041: checking for socket
configure:4041: arm-linux-gcc -o conftest -g -O2   conftest.c  >&5
configure:4041: $? = 0
configure:4041: result: yes
configure:4041: checking for strcasecmp
configure:4041: arm-linux-gcc -o conftest -g -O2   conftest.c  >&5
conftest.c:61: warning: conflicting types for built-in function 'strcasecmp'
configure:4041: $? = 0
configure:4041: result: yes
configure:4041: checking for strrchr
configure:4041: arm-linux-gcc -o conftest -g -O2   conftest.c  >&5
conftest.c:62: warning: conflicting types for built-in function 'strrchr'
configure:4041: $? = 0
configure:4041: result: yes
configure:4041: checking for getaddrinfo
configure:4041: arm-linux-gcc -o conftest -g -O2   conftest.c  >&5
configure:4041: $? = 0
configure:4041: result: yes
configure:4050: checking for library containing strnlen
configure:4081: arm-linux-gcc -o conftest -g -O2   conftest.c  >&5
configure:4081: $? = 0
configure:4098: result: none required
configure:4216: creating ./config.status

## ---------------------- ##
## Running config.status. ##
## ---------------------- ##

This file was extended by libcoap config.status 1.8.0, which was
generated by GNU Autoconf 2.67.  Invocation command line was

  CONFIG_FILES    = 
  CONFIG_HEADERS  = 
  CONFIG_LINKS    = 
  CONFIG_COMMANDS = 
  $ ./config.status 

on debian

config.status:835: creating Makefile
config.status:835: creating doc/Makefile
config.status:835: creating doc/Doxyfile
config.status:835: creating examples/Makefile
config.status:835: creating config.h

## ---------------- ##
## Cache variables. ##
## ---------------- ##

ac_cv_c_bigendian=no
ac_cv_c_compiler_gnu=yes
ac_cv_env_CC_set=
ac_cv_env_CC_value=
ac_cv_env_CFLAGS_set=
ac_cv_env_CFLAGS_value=
ac_cv_env_CPPFLAGS_set=
ac_cv_env_CPPFLAGS_value=
ac_cv_env_CPP_set=
ac_cv_env_CPP_value=
ac_cv_env_LDFLAGS_set=
ac_cv_env_LDFLAGS_value=
ac_cv_env_LIBS_set=
ac_cv_env_LIBS_value=
ac_cv_env_build_alias_set=set
ac_cv_env_build_alias_value=i386-linux
ac_cv_env_host_alias_set=set
ac_cv_env_host_alias_value=arm-linux
ac_cv_env_target_alias_set=
ac_cv_env_target_alias_value=
ac_cv_func_getaddrinfo=yes
ac_cv_func_malloc_0_nonnull=no
ac_cv_func_memset=yes
ac_cv_func_select=yes
ac_cv_func_socket=yes
ac_cv_func_strcasecmp=yes
ac_cv_func_strrchr=yes
ac_cv_header_arpa_inet_h=yes
ac_cv_header_assert_h=yes
ac_cv_header_inttypes_h=yes
ac_cv_header_limits_h=yes
ac_cv_header_memory_h=yes
ac_cv_header_netdb_h=yes
ac_cv_header_netinet_in_h=yes
ac_cv_header_stdc=yes
ac_cv_header_stdint_h=yes
ac_cv_header_stdlib_h=yes
ac_cv_header_string_h=yes
ac_cv_header_strings_h=yes
ac_cv_header_sys_socket_h=yes
ac_cv_header_sys_stat_h=yes
ac_cv_header_sys_time_h=yes
ac_cv_header_sys_types_h=yes
ac_cv_header_sys_unistd_h=yes
ac_cv_header_time_h=yes
ac_cv_header_unistd_h=yes
ac_cv_lib_coap_coap_new_pdu=no
ac_cv_objext=o
ac_cv_path_DOXYGEN=:
ac_cv_path_EGREP='/bin/grep -E'
ac_cv_path_ETAGS=/bin/false
ac_cv_path_GREP=/bin/grep
ac_cv_prog_CC=arm-linux-gcc
ac_cv_prog_CPP='arm-linux-gcc -E'
ac_cv_prog_RANLIB=arm-linux-ranlib
ac_cv_prog_cc_c89=
ac_cv_prog_cc_g=yes
ac_cv_prog_make_make_set=yes
ac_cv_search_gethostbyname='none required'
ac_cv_search_socket='none required'
ac_cv_search_strnlen='none required'
ac_cv_type_size_t=yes
ac_cv_type_ssize_t=yes

## ----------------- ##
## Output variables. ##
## ----------------- ##

CC='arm-linux-gcc'
CFLAGS='-g -O2'
CPP='arm-linux-gcc -E'
CPPFLAGS=''
DEFS='-DHAVE_CONFIG_H'
DOXYGEN=':'
ECHO_C=''
ECHO_N='-n'
ECHO_T=''
EGREP='/bin/grep -E'
ETAGS='/bin/false'
EXEEXT=''
GREP='/bin/grep'
LDFLAGS=''
LIBOBJS=' ${LIBOBJDIR}malloc$U.o'
LIBS=''
LTLIBOBJS=' ${LIBOBJDIR}malloc$U.lo'
OBJEXT='o'
PACKAGE_BUGREPORT=''
PACKAGE_NAME='libcoap'
PACKAGE_STRING='libcoap 1.8.0'
PACKAGE_TARNAME='libcoap'
PACKAGE_URL=''
PACKAGE_VERSION='1.8.0'
PATH_SEPARATOR=':'
RANLIB='arm-linux-ranlib'
SET_MAKE=''
SHELL='/bin/sh'
ac_ct_CC=''
bindir='${exec_prefix}/bin'
build_alias='i386-linux'
datadir='${datarootdir}'
datarootdir='${prefix}/share'
docdir='${datarootdir}/doc/${PACKAGE_TARNAME}'
dvidir='${docdir}'
exec_prefix='${prefix}'
host_alias='arm-linux'
htmldir='${docdir}'
includedir='${prefix}/include'
infodir='${datarootdir}/info'
libdir='${exec_prefix}/lib'
libexecdir='${exec_prefix}/libexec'
localedir='${datarootdir}/locale'
localstatedir='${prefix}/var'
mandir='${datarootdir}/man'
oldincludedir='/usr/include'
pdfdir='${docdir}'
prefix='/home/harald/Digi/DigiEL-5.2/usr'
program_transform_name='s,x,x,'
psdir='${docdir}'
sbindir='${exec_prefix}/sbin'
sharedstatedir='${prefix}/com'
sysconfdir='${prefix}/etc'
target_alias=''

## ----------- ##
## confdefs.h. ##
## ----------- ##

/* confdefs.h */
#define PACKAGE_NAME "libcoap"
#define PACKAGE_TARNAME "libcoap"
#define PACKAGE_VERSION "1.8.0"
#define PACKAGE_STRING "libcoap 1.8.0"
#define PACKAGE_BUGREPORT ""
#define PACKAGE_URL ""
#define STDC_HEADERS 1
#define HAVE_SYS_TYPES_H 1
#define HAVE_SYS_STAT_H 1
#define HAVE_STDLIB_H 1
#define HAVE_STRING_H 1
#define HAVE_MEMORY_H 1
#define HAVE_STRINGS_H 1
#define HAVE_INTTYPES_H 1
#define HAVE_STDINT_H 1
#define HAVE_UNISTD_H 1
#define HAVE_ASSERT_H 1
#define HAVE_ARPA_INET_H 1
#define HAVE_LIMITS_H 1
#define HAVE_NETDB_H 1
#define HAVE_NETINET_IN_H 1
#define HAVE_STDLIB_H 1
#define HAVE_STRING_H 1
#define HAVE_STRINGS_H 1
#define HAVE_SYS_SOCKET_H 1
#define HAVE_SYS_TIME_H 1
#define HAVE_TIME_H 1
#define HAVE_UNISTD_H 1
#define HAVE_SYS_UNISTD_H 1
#define HAVE_STDLIB_H 1
#define HAVE_MALLOC 0
#define malloc rpl_malloc
#define HAVE_MEMSET 1
#define HAVE_SELECT 1
#define HAVE_SOCKET 1
#define HAVE_STRCASECMP 1
#define HAVE_STRRCHR 1
#define HAVE_GETADDRINFO 1

configure: exit 0
